[2022-03-03T17:36:14.870] [INFO] info - pramas: get {}
[2022-03-03T17:36:14.922] [INFO] info - pramas: post {"userName":"admin","userPwd":"admin"}
[2022-03-03T17:36:16.760] [INFO] info - pramas: get {}
[2022-03-03T17:36:16.761] [INFO] info - pramas: post {"userName":"admin","userPwd":"admin"}
[2022-03-03T17:36:52.090] [INFO] info - ****数据库连接成功 *****
[2022-03-03T17:37:02.663] [INFO] info - pramas: get {}
[2022-03-03T17:37:02.663] [INFO] info - pramas: post {"userName":"admin","userPwd":"admin"}
[2022-03-03T17:37:08.319] [INFO] info - pramas: get {}
[2022-03-03T17:37:08.320] [INFO] info - pramas: post {"userName":"admin","userPwd":"admin"}
[2022-03-03T17:37:56.688] [INFO] info - ****数据库连接成功 *****
[2022-03-03T17:38:09.166] [INFO] info - pramas: get {}
[2022-03-03T17:38:09.167] [INFO] info - pramas: post {"userName":"admin","userPwd":"admin"}
[2022-03-03T17:38:23.605] [INFO] info - pramas: get {"menuState":"1"}
[2022-03-03T17:38:23.606] [INFO] info - pramas: post {}
[2022-03-03T17:39:00.259] [INFO] info - ****数据库连接成功 *****
[2022-03-03T17:43:38.409] [INFO] info - pramas: get {}
[2022-03-03T17:43:38.410] [INFO] info - pramas: post {"userName":"admin","userPwd":"admin"}
[2022-03-03T17:43:44.231] [INFO] info - pramas: get {"roleName":"1","pageNum":"1","pageSize":"10"}
[2022-03-03T17:43:44.232] [INFO] info - pramas: post {}
[2022-03-03T17:43:44.538] [INFO] info - pramas: get {}
[2022-03-03T17:43:44.538] [INFO] info - pramas: post {}
[2022-03-03T17:44:27.707] [INFO] info - pramas: get {}
[2022-03-03T17:44:27.708] [INFO] info - pramas: post {"userName":"admin","userPwd":"admin"}
[2022-03-03T17:44:40.835] [INFO] info - pramas: get {"menuState":"1"}
[2022-03-03T17:44:40.836] [INFO] info - pramas: post {}
[2022-03-03T17:45:35.466] [INFO] info - ****数据库连接成功 *****
[2022-03-03T17:45:40.818] [INFO] info - pramas: get {}
[2022-03-03T17:45:40.818] [INFO] info - pramas: post {"userName":"admin","userPwd":"admin"}
[2022-03-03T17:45:45.167] [INFO] info - pramas: get {"roleName":"1","pageNum":"1","pageSize":"10"}
[2022-03-03T17:45:45.168] [INFO] info - pramas: post {}
[2022-03-03T17:45:45.473] [INFO] info - pramas: get {}
[2022-03-03T17:45:45.473] [INFO] info - pramas: post {}
[2022-03-03T17:45:50.718] [INFO] info - pramas: get {}
[2022-03-03T17:45:50.719] [INFO] info - pramas: post {"row":{"isTrusted":true},"action":{"__v_isShallow":false,"__v_isRef":true,"_rawValue":"create","_value":"create"}}
[2022-03-03T17:45:53.532] [INFO] info - pramas: get {}
[2022-03-03T17:45:53.533] [INFO] info - pramas: post {}
[2022-03-03T17:45:54.818] [INFO] info - pramas: get {}
[2022-03-03T17:45:54.819] [INFO] info - pramas: post {}
[2022-03-03T17:45:55.149] [INFO] info - pramas: get {}
[2022-03-03T17:45:55.150] [INFO] info - pramas: post {}
[2022-03-03T17:46:16.094] [INFO] info - ****数据库连接成功 *****
[2022-03-03T17:46:25.550] [INFO] info - pramas: get {"roleName":"1","pageNum":"1","pageSize":"10"}
[2022-03-03T17:46:25.555] [INFO] info - pramas: post {}
[2022-03-03T17:46:25.592] [INFO] info - pramas: get {}
[2022-03-03T17:46:25.593] [INFO] info - pramas: post {}
[2022-03-03T17:46:31.727] [INFO] info - pramas: get {"roleName":"1","pageNum":"1","pageSize":"10"}
[2022-03-03T17:46:31.732] [INFO] info - pramas: post {}
[2022-03-03T17:46:31.752] [INFO] info - pramas: get {}
[2022-03-03T17:46:31.754] [INFO] info - pramas: post {}
[2022-03-03T17:46:36.713] [INFO] info - pramas: get {"roleName":"1","pageNum":"1","pageSize":"10"}
[2022-03-03T17:46:36.715] [INFO] info - pramas: post {}
[2022-03-03T17:46:36.719] [INFO] info - pramas: get {}
[2022-03-03T17:46:36.720] [INFO] info - pramas: post {}
[2022-03-03T17:48:23.200] [INFO] info - ****数据库连接成功 *****
[2022-03-03T17:49:31.165] [INFO] info - ****数据库连接成功 *****
[2022-03-03T17:49:35.325] [INFO] info - pramas: get {}
[2022-03-03T17:49:35.326] [INFO] info - pramas: post {"userName":"admin","userPwd":"admin"}
[2022-03-03T17:54:46.244] [INFO] info - pramas: get {"menuState":"1"}
[2022-03-03T17:54:46.245] [INFO] info - pramas: post {}
[2022-03-03T17:56:06.293] [INFO] info - pramas: get {}
[2022-03-03T17:56:06.294] [INFO] info - pramas: post {"userName":"admin","userPwd":"admin"}
[2022-03-03T17:56:12.962] [INFO] info - pramas: get {"roleName":"1","pageNum":"1","pageSize":"10"}
[2022-03-03T17:56:12.963] [INFO] info - pramas: post {}
[2022-03-03T17:56:12.974] [INFO] info - pramas: get {}
[2022-03-03T17:56:12.975] [INFO] info - pramas: post {}
[2022-03-03T17:56:15.157] [INFO] info - pramas: get {}
[2022-03-03T17:56:15.159] [INFO] info - pramas: post {"row":{"isTrusted":true},"action":{"__v_isShallow":false,"__v_isRef":true,"_rawValue":"create","_value":"create"}}
[2022-03-03T17:56:15.419] [INFO] info - pramas: get {"roleName":"1","pageNum":"1","pageSize":"10"}
[2022-03-03T17:56:15.420] [INFO] info - pramas: post {}
[2022-03-03T17:56:18.117] [INFO] info - pramas: get {}
[2022-03-03T17:56:18.117] [INFO] info - pramas: post {}
[2022-03-03T17:56:19.566] [INFO] info - pramas: get {}
[2022-03-03T17:56:19.567] [INFO] info - pramas: post {}
[2022-03-03T17:56:19.752] [INFO] info - pramas: get {}
[2022-03-03T17:56:19.755] [INFO] info - pramas: post {}
[2022-03-03T17:56:19.832] [INFO] info - pramas: get {}
[2022-03-03T17:56:19.833] [INFO] info - pramas: post {}
[2022-03-03T17:56:19.920] [INFO] info - pramas: get {}
[2022-03-03T17:56:19.921] [INFO] info - pramas: post {}
[2022-03-03T17:56:20.091] [INFO] info - pramas: get {}
[2022-03-03T17:56:20.091] [INFO] info - pramas: post {}
[2022-03-03T17:56:20.257] [INFO] info - pramas: get {}
[2022-03-03T17:56:20.260] [INFO] info - pramas: post {}
[2022-03-03T17:56:20.417] [INFO] info - pramas: get {}
[2022-03-03T17:56:20.418] [INFO] info - pramas: post {}
[2022-03-03T17:56:39.832] [INFO] info - pramas: get {"menuState":"1"}
[2022-03-03T17:56:39.833] [INFO] info - pramas: post {}
[2022-03-03T17:56:45.845] [INFO] info - pramas: get {}
[2022-03-03T17:56:45.847] [INFO] info - pramas: post {}
[2022-03-03T17:57:28.755] [INFO] info - pramas: get {"menuState":"1"}
[2022-03-03T17:57:28.757] [INFO] info - pramas: post {}
[2022-03-03T17:59:08.666] [INFO] info - pramas: get {"menuState":"1"}
[2022-03-03T17:59:08.666] [INFO] info - pramas: post {}
[2022-03-03T17:59:21.653] [INFO] info - pramas: get {}
[2022-03-03T17:59:21.653] [INFO] info - pramas: post {"userName":"admin","userPwd":"admin"}
[2022-03-03T17:59:27.641] [INFO] info - pramas: get {"menuState":"1"}
[2022-03-03T17:59:27.643] [INFO] info - pramas: post {}
[2022-03-03T17:59:51.449] [INFO] info - pramas: get {}
[2022-03-03T17:59:51.449] [INFO] info - pramas: post {"userName":"admin","userPwd":"admin"}
[2022-03-03T17:59:56.419] [INFO] info - pramas: get {"menuState":"1"}
[2022-03-03T17:59:56.420] [INFO] info - pramas: post {}
[2022-03-03T18:00:00.507] [INFO] info - pramas: get {}
[2022-03-03T18:00:00.508] [INFO] info - pramas: post {}
[2022-03-03T18:00:02.233] [INFO] info - pramas: get {}
[2022-03-03T18:00:02.234] [INFO] info - pramas: post {}
[2022-03-03T18:00:02.497] [INFO] info - pramas: get {}
[2022-03-03T18:00:02.498] [INFO] info - pramas: post {}
[2022-03-03T18:00:02.841] [INFO] info - pramas: get {}
[2022-03-03T18:00:02.842] [INFO] info - pramas: post {}
[2022-03-03T18:02:27.625] [INFO] info - pramas: get {}
[2022-03-03T18:02:27.626] [INFO] info - pramas: post {"userName":"admin","userPwd":"asdasdasdas"}
[2022-03-03T18:02:33.956] [INFO] info - pramas: get {}
[2022-03-03T18:02:33.958] [INFO] info - pramas: post {"userName":"admin","userPwd":"admin"}
[2022-03-03T18:04:01.722] [INFO] info - pramas: get {}
[2022-03-03T18:04:01.723] [INFO] info - pramas: post {"userName":"admin","userPwd":"admin"}
[2022-03-03T18:04:35.592] [INFO] info - pramas: get {"menuState":"1"}
[2022-03-03T18:04:35.593] [INFO] info - pramas: post {}
[2022-03-03T18:04:50.164] [INFO] info - pramas: get {"menuState":"1"}
[2022-03-03T18:04:50.165] [INFO] info - pramas: post {}
[2022-03-03T18:08:00.863] [INFO] info - ****数据库连接成功 *****
[2022-03-03T18:08:30.490] [INFO] info - pramas: get {"menuState":"1"}
[2022-03-03T18:08:30.492] [INFO] info - pramas: post {}
[2022-03-03T18:08:56.613] [INFO] info - ****数据库连接成功 *****
[2022-03-03T18:11:31.645] [INFO] info - ****数据库连接成功 *****
[2022-03-03T18:11:58.573] [INFO] info - pramas: get {"menuState":"1"}
[2022-03-03T18:11:58.574] [INFO] info - pramas: post {}
[2022-03-03T18:12:38.337] [INFO] info - ****数据库连接成功 *****
[2022-03-03T18:14:16.355] [INFO] info - ****数据库连接成功 *****
[2022-03-03T18:17:29.495] [INFO] info - ****数据库连接成功 *****
[2022-03-03T18:17:40.336] [INFO] info - ****数据库连接成功 *****
[2022-03-03T18:17:44.378] [INFO] info - pramas: get {"menuState":"1"}
[2022-03-03T18:17:44.379] [INFO] info - pramas: post {}
[2022-03-03T18:19:42.172] [INFO] info - ****数据库连接成功 *****
[2022-03-03T18:19:47.845] [INFO] info - pramas: get {"menuState":"1"}
[2022-03-03T18:19:47.846] [INFO] info - pramas: post {}
[2022-03-03T18:20:01.303] [INFO] info - ****数据库连接成功 *****
[2022-03-03T18:21:57.591] [INFO] info - ****数据库连接成功 *****
[2022-03-03T18:21:58.315] [INFO] info - pramas: get {}
[2022-03-03T18:21:58.316] [INFO] info - pramas: post {"userName":"asdasd","userPwd":"asdsaas"}
[2022-03-03T18:22:02.511] [INFO] info - pramas: get {"menuState":"1"}
[2022-03-03T18:22:02.513] [INFO] info - pramas: post {}
[2022-03-03T18:22:29.565] [INFO] info - ****数据库连接成功 *****
[2022-03-03T18:40:51.231] [INFO] info - ****数据库连接成功 *****
[2022-03-03T18:40:58.261] [INFO] info - ****数据库连接成功 *****
[2022-03-03T18:41:05.910] [INFO] info - ****数据库连接成功 *****
[2022-03-03T18:41:11.718] [INFO] info - pramas: get {"menuState":"1"}
[2022-03-03T18:41:11.718] [INFO] info - pramas: post {}
[2022-03-03T18:41:39.499] [INFO] info - ****数据库连接成功 *****
[2022-03-03T18:42:13.471] [INFO] info - ****数据库连接成功 *****
[2022-03-03T18:42:19.762] [INFO] info - pramas: get {"menuState":"1"}
[2022-03-03T18:42:19.763] [INFO] info - pramas: post {}
[2022-03-03T18:43:11.599] [INFO] info - ****数据库连接成功 *****
[2022-03-03T18:52:44.590] [INFO] info - ****数据库连接成功 *****
[2022-03-03T18:52:53.338] [INFO] info - pramas: get {"menuState":"1"}
[2022-03-03T18:52:53.339] [INFO] info - pramas: post {}
[2022-03-03T18:53:09.516] [INFO] info - pramas: get {"menuState":"1"}
[2022-03-03T18:53:09.518] [INFO] info - pramas: post {}
[2022-03-03T18:55:37.282] [INFO] info - ****数据库连接成功 *****
[2022-03-03T18:55:46.913] [INFO] info - pramas: get {"menuState":"1"}
[2022-03-03T18:55:46.915] [INFO] info - pramas: post {}
[2022-03-03T18:59:05.887] [INFO] info - ****数据库连接成功 *****
[2022-03-03T18:59:17.431] [INFO] info - pramas: get {}
[2022-03-03T18:59:17.432] [INFO] info - pramas: post {"userName":"admin","userPwd":"admin"}
[2022-03-03T18:59:21.441] [INFO] info - pramas: get {"menuState":"1"}
[2022-03-03T18:59:21.442] [INFO] info - pramas: post {}
[2022-03-03T19:00:10.520] [INFO] info - ****数据库连接成功 *****
[2022-03-03T19:00:20.271] [INFO] info - ****数据库连接成功 *****
[2022-03-03T19:00:32.841] [INFO] info - pramas: get {"menuState":"1"}
[2022-03-03T19:00:32.842] [INFO] info - pramas: post {}
[2022-03-03T19:00:51.073] [INFO] info - ****数据库连接成功 *****
[2022-03-03T19:01:01.571] [INFO] info - pramas: get {"menuState":"1"}
[2022-03-03T19:01:01.572] [INFO] info - pramas: post {}
[2022-03-03T19:02:26.892] [INFO] info - ****数据库连接成功 *****
[2022-03-03T19:02:35.458] [INFO] info - pramas: get {"menuState":"1"}
[2022-03-03T19:02:35.459] [INFO] info - pramas: post {}
[2022-03-03T19:03:31.467] [INFO] info - pramas: get {}
[2022-03-03T19:03:31.468] [INFO] info - pramas: post {}
[2022-03-03T19:04:19.757] [INFO] info - pramas: get {}
[2022-03-03T19:04:19.758] [INFO] info - pramas: post {}
[2022-03-03T19:05:23.307] [INFO] info - pramas: get {}
[2022-03-03T19:05:23.308] [INFO] info - pramas: post {}
[2022-03-03T19:05:30.935] [INFO] info - pramas: get {}
[2022-03-03T19:05:30.935] [INFO] info - pramas: post {}
[2022-03-03T19:05:52.970] [INFO] info - pramas: get {"menuState":"1"}
[2022-03-03T19:05:52.972] [INFO] info - pramas: post {}
[2022-03-03T19:05:58.772] [INFO] info - pramas: get {}
[2022-03-03T19:05:58.773] [INFO] info - pramas: post {}
[2022-03-03T19:06:13.780] [INFO] info - pramas: get {"menuState":"1"}
[2022-03-03T19:06:13.782] [INFO] info - pramas: post {}
[2022-03-03T19:06:21.450] [INFO] info - pramas: get {}
[2022-03-03T19:06:21.451] [INFO] info - pramas: post {}
[2022-03-03T19:06:21.713] [INFO] info - pramas: get {}
[2022-03-03T19:06:21.714] [INFO] info - pramas: post {}
[2022-03-03T19:06:29.029] [INFO] info - pramas: get {}
[2022-03-03T19:06:29.030] [INFO] info - pramas: post {}
[2022-03-03T19:06:29.424] [INFO] info - pramas: get {}
[2022-03-03T19:06:29.425] [INFO] info - pramas: post {}
[2022-03-03T19:06:36.460] [INFO] info - pramas: get {}
[2022-03-03T19:06:36.460] [INFO] info - pramas: post {}
[2022-03-03T19:06:36.845] [INFO] info - pramas: get {}
[2022-03-03T19:06:36.846] [INFO] info - pramas: post {}
[2022-03-03T19:06:39.197] [INFO] info - pramas: get {"menuState":"1"}
[2022-03-03T19:06:39.198] [INFO] info - pramas: post {}
[2022-03-03T19:06:46.946] [INFO] info - pramas: get {"menuState":"1","menuName":"222","menustate":"1"}
[2022-03-03T19:06:46.947] [INFO] info - pramas: post {}
[2022-03-03T19:06:48.706] [INFO] info - pramas: get {"menuState":"1"}
[2022-03-03T19:06:48.708] [INFO] info - pramas: post {}
[2022-03-03T19:07:00.250] [INFO] info - pramas: get {}
[2022-03-03T19:07:00.250] [INFO] info - pramas: post {}
[2022-03-03T19:07:00.511] [INFO] info - pramas: get {}
[2022-03-03T19:07:00.512] [INFO] info - pramas: post {}
[2022-03-03T19:58:13.832] [INFO] info - ****数据库连接成功 *****
[2022-03-03T19:59:11.917] [INFO] info - ****数据库连接成功 *****
[2022-03-03T20:01:34.437] [INFO] info - ****数据库连接成功 *****
[2022-03-03T20:04:10.923] [INFO] info - ****数据库连接成功 *****
[2022-03-03T20:04:31.957] [INFO] info - ****数据库连接成功 *****
[2022-03-03T20:05:02.960] [INFO] info - ****数据库连接成功 *****
[2022-03-03T20:06:23.876] [INFO] info - pramas: get {"menuState":"1"}
[2022-03-03T20:06:23.877] [INFO] info - pramas: post {}
[2022-03-03T20:06:24.559] [INFO] info - pramas: get {"menuState":"1"}
[2022-03-03T20:06:24.559] [INFO] info - pramas: post {}
[2022-03-03T20:06:28.355] [INFO] info - pramas: get {"menuState":"1"}
[2022-03-03T20:06:28.356] [INFO] info - pramas: post {}
[2022-03-03T20:06:31.505] [INFO] info - pramas: get {}
[2022-03-03T20:06:31.506] [INFO] info - pramas: post {}
[2022-03-03T20:06:31.859] [INFO] info - pramas: get {}
[2022-03-03T20:06:31.860] [INFO] info - pramas: post {}
[2022-03-03T20:06:48.112] [INFO] info - ****数据库连接成功 *****
[2022-03-03T20:07:45.653] [INFO] info - ****数据库连接成功 *****
[2022-03-03T20:08:01.609] [INFO] info - ****数据库连接成功 *****
[2022-03-03T20:08:08.574] [INFO] info - ****数据库连接成功 *****
[2022-03-03T20:08:28.067] [INFO] info - ****数据库连接成功 *****
[2022-03-03T20:10:21.631] [INFO] info - pramas: get {"menuState":"1"}
[2022-03-03T20:10:21.632] [INFO] info - pramas: post {}
[2022-03-03T20:10:47.882] [INFO] info - pramas: get {"menuState":"1"}
[2022-03-03T20:10:47.883] [INFO] info - pramas: post {}
[2022-03-03T20:10:55.741] [INFO] info - pramas: get {"menuState":"1"}
[2022-03-03T20:10:55.742] [INFO] info - pramas: post {}
[2022-03-03T20:10:57.873] [INFO] info - pramas: get {"menuState":"1"}
[2022-03-03T20:10:57.874] [INFO] info - pramas: post {}
[2022-03-03T20:11:04.166] [INFO] info - pramas: get {"menuState":"1"}
[2022-03-03T20:11:04.167] [INFO] info - pramas: post {}
[2022-03-03T20:11:47.063] [INFO] info - ****数据库连接成功 *****
[2022-03-03T20:13:44.120] [INFO] info - ****数据库连接成功 *****
[2022-03-07T21:56:14.769] [INFO] info - ****数据库连接成功 *****
[2022-03-07T21:56:19.370] [INFO] info - pramas: get {}
[2022-03-07T21:56:19.371] [INFO] info - pramas: post {"userName":"dasdas","userPwd":"dasdsa"}
[2022-03-07T21:56:25.286] [INFO] info - pramas: get {}
[2022-03-07T21:56:25.286] [INFO] info - pramas: post {"userName":"admin","userPwd":"admin"}
[2022-03-07T21:56:25.878] [INFO] info - pramas: get {}
[2022-03-07T21:56:25.879] [INFO] info - pramas: post {}
[2022-03-07T21:57:37.983] [INFO] info - pramas: get {}
[2022-03-07T21:57:37.984] [INFO] info - pramas: post {}
[2022-03-07T21:57:39.872] [INFO] info - pramas: get {}
[2022-03-07T21:57:39.875] [INFO] info - pramas: post {}
[2022-03-07T21:57:51.872] [INFO] info - pramas: get {}
[2022-03-07T21:57:51.872] [INFO] info - pramas: post {}
[2022-03-07T21:59:01.550] [INFO] info - pramas: get {}
[2022-03-07T21:59:01.551] [INFO] info - pramas: post {}
[2022-03-07T21:59:16.030] [INFO] info - pramas: get {}
[2022-03-07T21:59:16.031] [INFO] info - pramas: post {}
[2022-03-07T22:00:44.119] [INFO] info - pramas: get {}
[2022-03-07T22:00:44.120] [INFO] info - pramas: post {}
[2022-03-07T22:00:59.763] [INFO] info - pramas: get {}
[2022-03-07T22:00:59.763] [INFO] info - pramas: post {}
[2022-03-07T22:01:21.692] [INFO] info - pramas: get {}
[2022-03-07T22:01:21.695] [INFO] info - pramas: post {}
[2022-03-07T22:01:43.271] [INFO] info - pramas: get {}
[2022-03-07T22:01:43.272] [INFO] info - pramas: post {}
[2022-03-07T22:01:55.014] [INFO] info - pramas: get {}
[2022-03-07T22:01:55.016] [INFO] info - pramas: post {}
[2022-03-07T22:02:31.464] [INFO] info - pramas: get {}
[2022-03-07T22:02:31.465] [INFO] info - pramas: post {}
[2022-03-07T22:02:47.607] [INFO] info - pramas: get {}
[2022-03-07T22:02:47.608] [INFO] info - pramas: post {}
[2022-03-07T22:03:04.267] [INFO] info - pramas: get {}
[2022-03-07T22:03:04.268] [INFO] info - pramas: post {}
[2022-03-07T22:03:11.532] [INFO] info - pramas: get {}
[2022-03-07T22:03:11.534] [INFO] info - pramas: post {}
[2022-03-07T22:03:20.510] [INFO] info - pramas: get {}
[2022-03-07T22:03:20.511] [INFO] info - pramas: post {}
[2022-03-07T22:03:28.723] [INFO] info - pramas: get {}
[2022-03-07T22:03:28.724] [INFO] info - pramas: post {}
[2022-03-07T22:09:24.495] [INFO] info - pramas: get {}
[2022-03-07T22:09:24.496] [INFO] info - pramas: post {}
[2022-03-07T22:15:57.867] [INFO] info - pramas: get {}
[2022-03-07T22:15:57.868] [INFO] info - pramas: post {"userName":"admin","userPwd":"admin"}
[2022-03-07T22:15:58.362] [INFO] info - pramas: get {}
[2022-03-07T22:15:58.364] [INFO] info - pramas: post {}
[2022-03-07T22:16:05.411] [INFO] info - pramas: get {"menuState":"1"}
[2022-03-07T22:16:05.412] [INFO] info - pramas: post {}
[2022-03-07T22:16:05.717] [INFO] info - pramas: get {}
[2022-03-07T22:16:05.717] [INFO] info - pramas: post {}
[2022-03-07T22:35:31.492] [INFO] info - pramas: get {}
[2022-03-07T22:35:31.492] [INFO] info - pramas: post {}
[2022-03-08T15:52:04.000] [INFO] info - ****数据库连接成功 *****
[2022-03-08T16:05:57.504] [INFO] info - ****数据库连接成功 *****
[2022-03-08T16:27:18.087] [INFO] info - pramas: get {}
[2022-03-08T16:27:18.088] [INFO] info - pramas: post {"userName":"admin","userPwd":"admin"}
[2022-03-08T16:28:29.928] [INFO] info - pramas: get {}
[2022-03-08T16:28:29.929] [INFO] info - pramas: post {}
[2022-03-08T16:28:41.071] [INFO] info - pramas: get {}
[2022-03-08T16:28:41.074] [INFO] info - pramas: post {}
[2022-03-08T16:29:15.107] [INFO] info - pramas: get {}
[2022-03-08T16:29:15.109] [INFO] info - pramas: post {"userName":"admin","userPwd":"admin"}
[2022-03-08T16:29:17.319] [INFO] info - pramas: get {}
[2022-03-08T16:29:17.321] [INFO] info - pramas: post {"userName":"admin","userPwd":"admin"}
[2022-03-08T16:33:20.839] [INFO] info - pramas: get {}
[2022-03-08T16:33:20.841] [INFO] info - pramas: post {"userName":"admin","userPwd":"admin"}
[2022-03-08T16:33:22.211] [INFO] info - pramas: get {}
[2022-03-08T16:33:22.212] [INFO] info - pramas: post {}
[2022-03-08T16:42:41.003] [INFO] info - pramas: get {}
[2022-03-08T16:42:41.004] [INFO] info - pramas: post {}
[2022-03-08T16:43:50.493] [INFO] info - pramas: get {}
[2022-03-08T16:43:50.494] [INFO] info - pramas: post {}
[2022-03-08T16:43:56.324] [INFO] info - pramas: get {}
[2022-03-08T16:43:56.326] [INFO] info - pramas: post {}
[2022-03-08T16:43:58.233] [INFO] info - pramas: get {}
[2022-03-08T16:43:58.234] [INFO] info - pramas: post {}
[2022-03-08T16:44:13.212] [INFO] info - pramas: get {}
[2022-03-08T16:44:13.213] [INFO] info - pramas: post {}
[2022-03-08T16:44:14.625] [INFO] info - pramas: get {}
[2022-03-08T16:44:14.627] [INFO] info - pramas: post {}
[2022-03-08T16:45:23.172] [INFO] info - pramas: get {}
[2022-03-08T16:45:23.173] [INFO] info - pramas: post {}
[2022-03-08T16:45:24.356] [INFO] info - pramas: get {}
[2022-03-08T16:45:24.357] [INFO] info - pramas: post {}
[2022-03-08T16:46:45.270] [INFO] info - pramas: get {}
[2022-03-08T16:46:45.271] [INFO] info - pramas: post {}
[2022-03-08T16:46:46.347] [INFO] info - pramas: get {}
[2022-03-08T16:46:46.348] [INFO] info - pramas: post {}
[2022-03-08T16:47:33.416] [INFO] info - pramas: get {}
[2022-03-08T16:47:33.417] [INFO] info - pramas: post {}
[2022-03-08T16:47:34.442] [INFO] info - pramas: get {}
[2022-03-08T16:47:34.443] [INFO] info - pramas: post {}
[2022-03-08T16:48:40.540] [INFO] info - pramas: get {}
[2022-03-08T16:48:40.541] [INFO] info - pramas: post {}
[2022-03-08T16:48:41.527] [INFO] info - pramas: get {}
[2022-03-08T16:48:41.528] [INFO] info - pramas: post {}
[2022-03-08T16:49:10.075] [INFO] info - pramas: get {}
[2022-03-08T16:49:10.076] [INFO] info - pramas: post {}
[2022-03-08T16:49:42.846] [INFO] info - pramas: get {}
[2022-03-08T16:49:42.847] [INFO] info - pramas: post {}
[2022-03-08T16:49:43.672] [INFO] info - pramas: get {}
[2022-03-08T16:49:43.673] [INFO] info - pramas: post {}
[2022-03-08T16:51:22.162] [INFO] info - pramas: get {}
[2022-03-08T16:51:22.163] [INFO] info - pramas: post {}
[2022-03-08T16:51:23.264] [INFO] info - pramas: get {}
[2022-03-08T16:51:23.266] [INFO] info - pramas: post {}
[2022-03-08T16:51:38.935] [INFO] info - pramas: get {}
[2022-03-08T16:51:38.937] [INFO] info - pramas: post {}
[2022-03-08T16:51:40.246] [INFO] info - pramas: get {}
[2022-03-08T16:51:40.247] [INFO] info - pramas: post {}
[2022-03-08T16:51:48.643] [INFO] info - pramas: get {"name":"123"}
[2022-03-08T16:51:48.644] [INFO] info - pramas: post {}
[2022-03-08T16:51:49.802] [INFO] info - pramas: get {}
[2022-03-08T16:51:49.803] [INFO] info - pramas: post {}
[2022-03-08T16:52:09.269] [INFO] info - pramas: get {}
[2022-03-08T16:52:09.273] [INFO] info - pramas: post {}
[2022-03-08T16:52:10.790] [INFO] info - pramas: get {}
[2022-03-08T16:52:10.792] [INFO] info - pramas: post {}
[2022-03-08T16:53:01.465] [INFO] info - ****数据库连接成功 *****
[2022-03-08T16:53:10.846] [INFO] info - ****数据库连接成功 *****
[2022-03-08T16:53:13.508] [INFO] info - pramas: get {}
[2022-03-08T16:53:13.509] [INFO] info - pramas: post {}
[2022-03-08T16:53:14.498] [INFO] info - pramas: get {}
[2022-03-08T16:53:14.501] [INFO] info - pramas: post {}
[2022-03-08T16:53:52.545] [INFO] info - ****数据库连接成功 *****
[2022-03-08T16:53:54.397] [INFO] info - pramas: get {}
[2022-03-08T16:53:54.398] [INFO] info - pramas: post {}
[2022-03-08T16:53:55.426] [INFO] info - pramas: get {}
[2022-03-08T16:53:55.427] [INFO] info - pramas: post {}
[2022-03-08T16:56:18.644] [INFO] info - ****数据库连接成功 *****
[2022-03-08T16:56:19.375] [INFO] info - pramas: get {}
[2022-03-08T16:56:19.376] [INFO] info - pramas: post {}
[2022-03-08T16:56:20.347] [INFO] info - pramas: get {}
[2022-03-08T16:56:20.348] [INFO] info - pramas: post {}
[2022-03-08T16:57:01.453] [INFO] info - ****数据库连接成功 *****
[2022-03-08T17:08:35.287] [INFO] info - pramas: get {}
[2022-03-08T17:08:35.289] [INFO] info - pramas: post {}
[2022-03-08T17:08:36.331] [INFO] info - pramas: get {}
[2022-03-08T17:08:36.332] [INFO] info - pramas: post {}
[2022-03-08T17:17:26.693] [INFO] info - ****数据库连接成功 *****
[2022-03-08T17:17:35.045] [INFO] info - ****数据库连接成功 *****
[2022-03-08T17:17:35.371] [INFO] info - pramas: get {}
[2022-03-08T17:17:35.373] [INFO] info - pramas: post {}
[2022-03-08T17:19:23.168] [INFO] info - ****数据库连接成功 *****
[2022-03-08T17:20:11.436] [INFO] info - ****数据库连接成功 *****
[2022-03-08T17:20:31.372] [INFO] info - ****数据库连接成功 *****
[2022-03-08T17:20:31.666] [INFO] info - pramas: get {}
[2022-03-08T17:20:31.667] [INFO] info - pramas: post {}
[2022-03-08T17:20:55.573] [INFO] info - pramas: get {}
[2022-03-08T17:20:55.574] [INFO] info - pramas: post {}
[2022-03-08T17:20:56.637] [INFO] info - pramas: get {}
[2022-03-08T17:20:56.639] [INFO] info - pramas: post {}
[2022-03-08T17:21:06.068] [INFO] info - pramas: get {}
[2022-03-08T17:21:06.069] [INFO] info - pramas: post {}
[2022-03-08T17:21:07.271] [INFO] info - pramas: get {}
[2022-03-08T17:21:07.272] [INFO] info - pramas: post {}
[2022-03-08T17:22:15.801] [INFO] info - ****数据库连接成功 *****
[2022-03-08T17:22:16.643] [INFO] info - pramas: get {}
[2022-03-08T17:22:16.645] [INFO] info - pramas: post {}
[2022-03-08T17:22:35.960] [INFO] info - pramas: get {}
[2022-03-08T17:22:35.961] [INFO] info - pramas: post {"userName":"admin","userPwd":"admin"}
[2022-03-08T17:22:36.438] [INFO] info - pramas: get {}
[2022-03-08T17:22:36.440] [INFO] info - pramas: post {}
[2022-03-08T17:22:36.540] [INFO] info - pramas: get {}
[2022-03-08T17:22:36.544] [INFO] info - pramas: post {}
[2022-03-08T17:23:09.263] [INFO] info - ****数据库连接成功 *****
[2022-03-08T17:23:12.249] [INFO] info - pramas: get {}
[2022-03-08T17:23:12.250] [INFO] info - pramas: post {}
[2022-03-08T17:23:13.218] [INFO] info - pramas: get {}
[2022-03-08T17:23:13.220] [INFO] info - pramas: post {}
[2022-03-08T17:23:31.495] [INFO] info - ****数据库连接成功 *****
[2022-03-08T17:23:32.301] [INFO] info - pramas: get {}
[2022-03-08T17:23:32.303] [INFO] info - pramas: post {}
[2022-03-08T17:23:46.281] [INFO] info - ****数据库连接成功 *****
[2022-03-08T17:23:57.184] [INFO] info - ****数据库连接成功 *****
[2022-03-08T17:23:57.816] [INFO] info - pramas: get {}
[2022-03-08T17:23:57.817] [INFO] info - pramas: post {}
[2022-03-08T17:23:58.851] [INFO] info - pramas: get {}
[2022-03-08T17:23:58.852] [INFO] info - pramas: post {}
[2022-03-08T17:25:30.613] [INFO] info - ****数据库连接成功 *****
[2022-03-08T17:25:30.975] [INFO] info - pramas: get {}
[2022-03-08T17:25:30.976] [INFO] info - pramas: post {}
[2022-03-08T17:25:32.055] [INFO] info - pramas: get {}
[2022-03-08T17:25:32.057] [INFO] info - pramas: post {}
[2022-03-08T18:33:40.675] [INFO] info - ****数据库连接成功 *****
[2022-03-08T18:33:45.571] [INFO] info - pramas: get {}
[2022-03-08T18:33:45.572] [INFO] info - pramas: post {}
[2022-03-08T18:33:47.381] [INFO] info - pramas: get {}
[2022-03-08T18:33:47.382] [INFO] info - pramas: post {}
[2022-03-08T18:37:57.535] [INFO] info - pramas: get {}
[2022-03-08T18:37:57.536] [INFO] info - pramas: post {}
[2022-03-08T18:37:57.624] [INFO] info - pramas: get {}
[2022-03-08T18:37:57.625] [INFO] info - pramas: post {}
[2022-03-08T18:38:07.939] [INFO] info - pramas: get {}
[2022-03-08T18:38:07.941] [INFO] info - pramas: post {}
[2022-03-08T18:38:07.970] [INFO] info - pramas: get {}
[2022-03-08T18:38:07.971] [INFO] info - pramas: post {}
[2022-03-08T18:38:13.341] [INFO] info - pramas: get {}
[2022-03-08T18:38:13.342] [INFO] info - pramas: post {}
[2022-03-08T18:38:13.602] [INFO] info - pramas: get {}
[2022-03-08T18:38:13.603] [INFO] info - pramas: post {}
[2022-03-08T18:38:32.445] [INFO] info - pramas: get {}
[2022-03-08T18:38:32.445] [INFO] info - pramas: post {}
[2022-03-08T18:38:32.508] [INFO] info - pramas: get {}
[2022-03-08T18:38:32.508] [INFO] info - pramas: post {}
[2022-03-08T18:38:43.402] [INFO] info - pramas: get {}
[2022-03-08T18:38:43.402] [INFO] info - pramas: post {}
[2022-03-08T18:38:43.710] [INFO] info - pramas: get {"roleName":"1","pageNum":"1","pageSize":"10"}
[2022-03-08T18:38:43.711] [INFO] info - pramas: post {}
[2022-03-08T18:38:43.747] [INFO] info - pramas: get {}
[2022-03-08T18:38:43.748] [INFO] info - pramas: post {}
[2022-03-08T18:38:44.067] [INFO] info - pramas: get {}
[2022-03-08T18:38:44.068] [INFO] info - pramas: post {}
[2022-03-08T18:38:45.801] [INFO] info - pramas: get {}
[2022-03-08T18:38:45.802] [INFO] info - pramas: post {"row":{"isTrusted":true},"action":{"__v_isShallow":false,"__v_isRef":true,"_rawValue":"create","_value":"create"}}
[2022-03-08T18:38:54.635] [INFO] info - pramas: get {}
[2022-03-08T18:38:54.635] [INFO] info - pramas: post {}
[2022-03-08T18:38:54.882] [INFO] info - pramas: get {}
[2022-03-08T18:38:54.883] [INFO] info - pramas: post {}
[2022-03-08T18:38:55.375] [INFO] info - pramas: get {}
[2022-03-08T18:38:55.376] [INFO] info - pramas: post {}
[2022-03-08T18:38:55.640] [INFO] info - pramas: get {}
[2022-03-08T18:38:55.641] [INFO] info - pramas: post {}
[2022-03-08T18:38:55.648] [INFO] info - pramas: get {}
[2022-03-08T18:38:55.649] [INFO] info - pramas: post {}
[2022-03-08T18:38:55.839] [INFO] info - pramas: get {}
[2022-03-08T18:38:55.840] [INFO] info - pramas: post {}
[2022-03-08T18:39:02.235] [INFO] info - pramas: get {}
[2022-03-08T18:39:02.235] [INFO] info - pramas: post {}
[2022-03-08T18:39:03.200] [INFO] info - pramas: get {}
[2022-03-08T18:39:03.202] [INFO] info - pramas: post {}
[2022-03-08T18:39:03.697] [INFO] info - pramas: get {}
[2022-03-08T18:39:03.697] [INFO] info - pramas: post {}
[2022-03-08T18:39:10.275] [INFO] info - pramas: get {}
[2022-03-08T18:39:10.275] [INFO] info - pramas: post {"row":{"isTrusted":true},"action":{"__v_isShallow":false,"__v_isRef":true,"_rawValue":"create","_value":"create"}}
[2022-03-08T18:39:11.816] [INFO] info - pramas: get {}
[2022-03-08T18:39:11.816] [INFO] info - pramas: post {}
[2022-03-08T18:39:17.108] [INFO] info - pramas: get {}
[2022-03-08T18:39:17.109] [INFO] info - pramas: post {}
[2022-03-08T18:39:17.251] [INFO] info - pramas: get {"menuState":"1"}
[2022-03-08T18:39:17.252] [INFO] info - pramas: post {}
[2022-03-08T18:39:29.085] [INFO] info - pramas: get {}
[2022-03-08T18:39:29.085] [INFO] info - pramas: post {}
[2022-03-08T18:39:29.337] [INFO] info - pramas: get {}
[2022-03-08T18:39:29.337] [INFO] info - pramas: post {}
[2022-03-08T18:39:32.387] [INFO] info - pramas: get {"menuState":"1"}
[2022-03-08T18:39:32.387] [INFO] info - pramas: post {}
[2022-03-08T18:39:33.174] [INFO] info - pramas: get {"menuState":"1"}
[2022-03-08T18:39:33.174] [INFO] info - pramas: post {}
[2022-03-08T18:39:33.438] [INFO] info - pramas: get {"menuState":"1"}
[2022-03-08T18:39:33.438] [INFO] info - pramas: post {}
[2022-03-08T18:39:36.065] [INFO] info - pramas: get {}
[2022-03-08T18:39:36.066] [INFO] info - pramas: post {}
[2022-03-08T18:39:36.419] [INFO] info - pramas: get {}
[2022-03-08T18:39:36.419] [INFO] info - pramas: post {}
[2022-03-08T18:39:39.710] [INFO] info - pramas: get {}
[2022-03-08T18:39:39.711] [INFO] info - pramas: post {}
[2022-03-08T18:39:39.981] [INFO] info - pramas: get {}
[2022-03-08T18:39:39.982] [INFO] info - pramas: post {}
[2022-03-08T18:39:42.000] [INFO] info - pramas: get {}
[2022-03-08T18:39:42.001] [INFO] info - pramas: post {}
[2022-03-08T18:39:42.471] [INFO] info - pramas: get {"menuState":"1"}
[2022-03-08T18:39:42.472] [INFO] info - pramas: post {}
[2022-03-08T18:39:42.476] [INFO] info - pramas: get {}
[2022-03-08T18:39:42.477] [INFO] info - pramas: post {}
[2022-03-08T18:39:49.927] [INFO] info - pramas: get {}
[2022-03-08T18:39:49.928] [INFO] info - pramas: post {}
[2022-03-08T18:39:50.064] [INFO] info - pramas: get {"state":"1","pageNum":"1","pageSize":"10"}
[2022-03-08T18:39:50.064] [INFO] info - pramas: post {}
[2022-03-08T18:39:50.085] [INFO] info - pramas: get {}
[2022-03-08T18:39:50.085] [INFO] info - pramas: post {}
[2022-03-08T18:39:55.429] [INFO] info - pramas: get {}
[2022-03-08T18:39:55.430] [INFO] info - pramas: post {"state":3,"userEmail":"undefined@qq.com"}
[2022-03-08T18:39:56.590] [INFO] info - pramas: get {}
[2022-03-08T18:39:56.591] [INFO] info - pramas: post {"state":3,"userEmail":"undefined@qq.com@qq.com"}
[2022-03-08T18:39:58.181] [INFO] info - pramas: get {}
[2022-03-08T18:39:58.182] [INFO] info - pramas: post {"state":3,"userEmail":"undefined@qq.com@qq.com@qq.com"}
[2022-03-08T18:39:58.703] [INFO] info - pramas: get {}
[2022-03-08T18:39:58.704] [INFO] info - pramas: post {"state":3,"userEmail":"undefined@qq.com@qq.com@qq.com@qq.com"}
[2022-03-08T18:39:58.903] [INFO] info - pramas: get {}
[2022-03-08T18:39:58.905] [INFO] info - pramas: post {"state":3,"userEmail":"undefined@qq.com@qq.com@qq.com@qq.com@qq.com"}
[2022-03-08T18:39:58.965] [INFO] info - pramas: get {}
[2022-03-08T18:39:58.965] [INFO] info - pramas: post {"state":3,"userEmail":"undefined@qq.com@qq.com@qq.com@qq.com@qq.com@qq.com"}
[2022-03-08T18:40:04.223] [INFO] info - pramas: get {"state":"1","pageNum":"100","pageSize":"10"}
[2022-03-08T18:40:04.224] [INFO] info - pramas: post {}
[2022-03-08T18:40:05.182] [INFO] info - pramas: get {"state":"1","pageNum":"97","pageSize":"10"}
[2022-03-08T18:40:05.185] [INFO] info - pramas: post {}
[2022-03-08T18:40:05.447] [INFO] info - pramas: get {"state":"1","pageNum":"95","pageSize":"10"}
[2022-03-08T18:40:05.447] [INFO] info - pramas: post {}
[2022-03-08T18:40:05.658] [INFO] info - pramas: get {"state":"1","pageNum":"90","pageSize":"10"}
[2022-03-08T18:40:05.659] [INFO] info - pramas: post {}
[2022-03-08T18:40:06.488] [INFO] info - pramas: get {"state":"1","pageNum":"1","pageSize":"10"}
[2022-03-08T18:40:06.489] [INFO] info - pramas: post {}
[2022-03-08T19:13:09.333] [INFO] info - pramas: get {}
[2022-03-08T19:13:09.334] [INFO] info - pramas: post {}
[2022-03-08T19:13:10.075] [INFO] info - pramas: get {"state":"1","pageNum":"1","pageSize":"10"}
[2022-03-08T19:13:10.076] [INFO] info - pramas: post {}
[2022-03-08T19:13:10.095] [INFO] info - pramas: get {}
[2022-03-08T19:13:10.095] [INFO] info - pramas: post {}
[2022-03-08T19:13:10.160] [INFO] info - pramas: get {}
[2022-03-08T19:13:10.161] [INFO] info - pramas: post {}
[2022-03-08T19:13:18.143] [INFO] info - pramas: get {"state":"1","pageNum":"3","pageSize":"10"}
[2022-03-08T19:13:18.144] [INFO] info - pramas: post {}
[2022-03-08T19:13:18.585] [INFO] info - pramas: get {"state":"1","pageNum":"2","pageSize":"10"}
[2022-03-08T19:13:18.587] [INFO] info - pramas: post {}
[2022-03-08T19:13:19.563] [INFO] info - pramas: get {"state":"1","pageNum":"1","pageSize":"10"}
[2022-03-08T19:13:19.564] [INFO] info - pramas: post {}
[2022-03-08T19:13:34.914] [INFO] info - pramas: get {}
[2022-03-08T19:13:34.918] [INFO] info - pramas: post {}
[2022-03-08T19:13:36.943] [INFO] info - pramas: get {"state":"1","pageNum":"1","pageSize":"10"}
[2022-03-08T19:13:36.944] [INFO] info - pramas: post {}
[2022-03-08T19:13:36.975] [INFO] info - pramas: get {}
[2022-03-08T19:13:36.976] [INFO] info - pramas: post {}
[2022-03-08T19:13:37.103] [INFO] info - pramas: get {}
[2022-03-08T19:13:37.104] [INFO] info - pramas: post {}
[2022-03-08T19:14:23.344] [INFO] info - pramas: get {}
[2022-03-08T19:14:23.345] [INFO] info - pramas: post {}
[2022-03-08T19:14:25.212] [INFO] info - pramas: get {"state":"1","pageNum":"1","pageSize":"10"}
[2022-03-08T19:14:25.213] [INFO] info - pramas: post {}
[2022-03-08T19:14:25.241] [INFO] info - pramas: get {}
[2022-03-08T19:14:25.242] [INFO] info - pramas: post {}
[2022-03-08T19:14:25.312] [INFO] info - pramas: get {}
[2022-03-08T19:14:25.315] [INFO] info - pramas: post {}
[2022-03-08T19:14:32.820] [INFO] info - pramas: get {"state":"1","pageNum":"1","pageSize":"10"}
[2022-03-08T19:14:32.822] [INFO] info - pramas: post {}
[2022-03-08T19:15:02.489] [INFO] info - pramas: get {}
[2022-03-08T19:15:02.490] [INFO] info - pramas: post {"state":3,"userName":"123","userEmail":"123@qq.com","mobile":"13345678911","job":"1","roleList":"60167059c9027b7d2c520a61"}
[2022-03-08T19:15:28.304] [INFO] info - pramas: get {}
[2022-03-08T19:15:28.304] [INFO] info - pramas: post {}
[2022-03-08T19:15:28.596] [INFO] info - pramas: get {}
[2022-03-08T19:15:28.597] [INFO] info - pramas: post {}
[2022-03-08T19:15:39.010] [INFO] info - pramas: get {}
[2022-03-08T19:15:39.011] [INFO] info - pramas: post {}
[2022-03-08T19:15:39.534] [INFO] info - pramas: get {"menuState":"1"}
[2022-03-08T19:15:39.535] [INFO] info - pramas: post {}
[2022-03-08T19:15:39.537] [INFO] info - pramas: get {}
[2022-03-08T19:15:39.537] [INFO] info - pramas: post {}
[2022-03-08T19:15:55.814] [INFO] info - pramas: get {}
[2022-03-08T19:15:55.816] [INFO] info - pramas: post {}
[2022-03-08T19:15:56.229] [INFO] info - pramas: get {}
[2022-03-08T19:15:56.230] [INFO] info - pramas: post {}
[2022-03-08T19:16:56.373] [INFO] info - pramas: get {}
[2022-03-08T19:16:56.374] [INFO] info - pramas: post {}
[2022-03-08T19:16:56.769] [INFO] info - pramas: get {}
[2022-03-08T19:16:56.770] [INFO] info - pramas: post {}
[2022-03-08T19:17:13.885] [INFO] info - pramas: get {}
[2022-03-08T19:17:13.886] [INFO] info - pramas: post {}
[2022-03-08T19:17:15.721] [INFO] info - pramas: get {}
[2022-03-08T19:17:15.721] [INFO] info - pramas: post {}
[2022-03-08T19:17:44.958] [INFO] info - pramas: get {}
[2022-03-08T19:17:44.958] [INFO] info - pramas: post {}
[2022-03-08T19:18:39.229] [INFO] info - pramas: get {}
[2022-03-08T19:18:39.231] [INFO] info - pramas: post {}
[2022-03-08T19:18:41.046] [INFO] info - pramas: get {}
[2022-03-08T19:18:41.047] [INFO] info - pramas: post {}
[2022-03-08T19:18:41.053] [INFO] info - pramas: get {"menuState":"1"}
[2022-03-08T19:18:41.054] [INFO] info - pramas: post {}
[2022-03-08T19:18:56.054] [INFO] info - pramas: get {}
[2022-03-08T19:18:56.055] [INFO] info - pramas: post {}
[2022-03-08T19:18:56.314] [INFO] info - pramas: get {}
[2022-03-08T19:18:56.316] [INFO] info - pramas: post {}
[2022-03-08T19:19:59.327] [INFO] info - pramas: get {"menuState":"1"}
[2022-03-08T19:19:59.328] [INFO] info - pramas: post {}
[2022-03-08T19:20:11.295] [INFO] info - pramas: get {}
[2022-03-08T19:20:11.295] [INFO] info - pramas: post {}
[2022-03-08T19:20:11.702] [INFO] info - pramas: get {}
[2022-03-08T19:20:11.704] [INFO] info - pramas: post {}
[2022-03-08T19:24:47.470] [INFO] info - pramas: get {"menuState":"1"}
[2022-03-08T19:24:47.472] [INFO] info - pramas: post {}
[2022-03-08T19:24:58.143] [INFO] info - pramas: get {}
[2022-03-08T19:24:58.143] [INFO] info - pramas: post {}
[2022-03-08T19:25:26.536] [INFO] info - pramas: get {}
[2022-03-08T19:25:26.538] [INFO] info - pramas: post {}
[2022-03-08T19:25:27.770] [INFO] info - pramas: get {"menuState":"1"}
[2022-03-08T19:25:27.771] [INFO] info - pramas: post {}
[2022-03-08T19:25:27.777] [INFO] info - pramas: get {}
[2022-03-08T19:25:27.779] [INFO] info - pramas: post {}
[2022-03-08T19:25:32.476] [INFO] info - pramas: get {}
[2022-03-08T19:25:32.477] [INFO] info - pramas: post {}
[2022-03-08T19:25:33.679] [INFO] info - pramas: get {"menuState":"1"}
[2022-03-08T19:25:33.681] [INFO] info - pramas: post {}
[2022-03-08T19:25:33.686] [INFO] info - pramas: get {}
[2022-03-08T19:25:33.687] [INFO] info - pramas: post {}
[2022-03-08T19:25:44.322] [INFO] info - pramas: get {}
[2022-03-08T19:25:44.323] [INFO] info - pramas: post {"action":"add"}
[2022-03-08T19:25:44.611] [INFO] info - pramas: get {}
[2022-03-08T19:25:44.612] [INFO] info - pramas: post {}
[2022-03-08T19:26:36.099] [INFO] info - pramas: get {"menuState":"1"}
[2022-03-08T19:26:36.100] [INFO] info - pramas: post {}
[2022-03-08T19:28:13.231] [INFO] info - pramas: get {"menuState":"1"}
[2022-03-08T19:28:13.232] [INFO] info - pramas: post {}
[2022-03-08T19:28:23.391] [INFO] info - pramas: get {}
[2022-03-08T19:28:23.392] [INFO] info - pramas: post {}
[2022-03-08T19:28:24.701] [INFO] info - pramas: get {"menuState":"1"}
[2022-03-08T19:28:24.702] [INFO] info - pramas: post {}
[2022-03-08T19:28:24.712] [INFO] info - pramas: get {}
[2022-03-08T19:28:24.714] [INFO] info - pramas: post {}
[2022-03-08T19:28:34.447] [INFO] info - pramas: get {}
[2022-03-08T19:28:34.450] [INFO] info - pramas: post {"params":{"parentId":[null],"menuType":1,"menuState":1,"menuName":"12","icon":"1","path":"1","component":"1"},"action":"add"}
[2022-03-08T19:28:34.901] [INFO] info - pramas: get {}
[2022-03-08T19:28:34.902] [INFO] info - pramas: post {}
[2022-03-08T19:29:27.444] [INFO] info - ****数据库连接成功 *****
[2022-03-08T19:29:49.572] [INFO] info - ****数据库连接成功 *****
[2022-03-08T19:29:50.546] [INFO] info - pramas: get {}
[2022-03-08T19:29:50.547] [INFO] info - pramas: post {"params":{"parentId":[null],"menuType":1,"menuState":1,"menuName":"12","icon":"1","path":"1","component":"1"},"action":"add"}
[2022-03-08T19:29:50.778] [INFO] info - pramas: get {}
[2022-03-08T19:29:50.779] [INFO] info - pramas: post {}
[2022-03-08T19:30:39.287] [INFO] info - pramas: get {}
[2022-03-08T19:30:39.289] [INFO] info - pramas: post {"params":{"parentId":[null],"menuType":1,"menuState":1,"menuName":"12","icon":"1","path":"1","component":"1"},"action":"add"}
[2022-03-08T19:30:39.551] [INFO] info - pramas: get {}
[2022-03-08T19:30:39.556] [INFO] info - pramas: post {}
[2022-03-08T19:30:44.455] [INFO] info - pramas: get {}
[2022-03-08T19:30:44.457] [INFO] info - pramas: post {}
[2022-03-08T19:30:46.224] [INFO] info - pramas: get {"menuState":"1"}
[2022-03-08T19:30:46.225] [INFO] info - pramas: post {}
[2022-03-08T19:30:46.231] [INFO] info - pramas: get {}
[2022-03-08T19:30:46.233] [INFO] info - pramas: post {}
[2022-03-08T19:30:52.308] [INFO] info - pramas: get {}
[2022-03-08T19:30:52.309] [INFO] info - pramas: post {"params":{"parentId":[null],"menuType":1,"menuState":1,"menuName":"12","icon":"1","component":"1","path":"1"},"action":"add"}
[2022-03-08T19:30:52.563] [INFO] info - pramas: get {}
[2022-03-08T19:30:52.565] [INFO] info - pramas: post {}
[2022-03-08T19:31:17.172] [INFO] info - ****数据库连接成功 *****
[2022-03-08T19:31:30.116] [INFO] info - ****数据库连接成功 *****
[2022-03-08T19:31:31.469] [INFO] info - pramas: get {}
[2022-03-08T19:31:31.470] [INFO] info - pramas: post {"params":{"parentId":[null],"menuType":1,"menuState":1,"menuName":"12","icon":"1","component":"1","path":"1"},"action":"add"}
[2022-03-08T19:31:31.896] [INFO] info - pramas: get {}
[2022-03-08T19:31:31.897] [INFO] info - pramas: post {}
[2022-03-08T19:32:34.877] [INFO] info - pramas: get {}
[2022-03-08T19:32:34.878] [INFO] info - pramas: post {}
[2022-03-08T19:33:31.407] [INFO] info - ****数据库连接成功 *****
[2022-03-08T19:35:09.856] [INFO] info - ****数据库连接成功 *****
[2022-03-08T19:35:13.379] [INFO] info - pramas: get {}
[2022-03-08T19:35:13.380] [INFO] info - pramas: post {}
[2022-03-08T19:35:15.267] [INFO] info - pramas: get {"menuState":"1"}
[2022-03-08T19:35:15.268] [INFO] info - pramas: post {}
[2022-03-08T19:35:15.278] [INFO] info - pramas: get {}
[2022-03-08T19:35:15.279] [INFO] info - pramas: post {}
[2022-03-08T19:35:29.650] [INFO] info - ****数据库连接成功 *****
[2022-03-08T19:35:34.070] [INFO] info - pramas: get {"menuState":"1"}
[2022-03-08T19:35:34.072] [INFO] info - pramas: post {}
[2022-03-08T19:36:23.580] [INFO] info - ****数据库连接成功 *****
[2022-03-08T19:36:24.218] [INFO] info - pramas: get {"menuState":"1"}
[2022-03-08T19:36:24.219] [INFO] info - pramas: post {}
[2022-03-08T19:36:58.973] [INFO] info - ****数据库连接成功 *****
[2022-03-08T19:36:59.429] [INFO] info - pramas: get {"menuState":"1"}
[2022-03-08T19:36:59.430] [INFO] info - pramas: post {}
[2022-03-08T19:37:46.531] [INFO] info - ****数据库连接成功 *****
[2022-03-08T19:37:53.599] [INFO] info - pramas: get {"menuState":"1"}
[2022-03-08T19:37:53.600] [INFO] info - pramas: post {}
[2022-03-08T19:37:59.962] [INFO] info - pramas: get {"menuState":"1"}
[2022-03-08T19:37:59.963] [INFO] info - pramas: post {}
[2022-03-08T19:38:21.366] [INFO] info - ****数据库连接成功 *****
[2022-03-08T19:38:27.039] [INFO] info - pramas: get {"menuState":"1"}
[2022-03-08T19:38:27.041] [INFO] info - pramas: post {}
[2022-03-08T19:42:26.052] [INFO] info - ****数据库连接成功 *****
[2022-03-08T19:46:28.530] [INFO] info - ****数据库连接成功 *****
[2022-03-08T19:49:15.795] [INFO] info - ****数据库连接成功 *****
[2022-03-08T19:49:20.367] [INFO] info - pramas: get {}
[2022-03-08T19:49:20.367] [INFO] info - pramas: post {}
[2022-03-08T19:49:21.651] [INFO] info - pramas: get {"menuState":"1"}
[2022-03-08T19:49:21.652] [INFO] info - pramas: post {}
[2022-03-08T19:49:21.674] [INFO] info - pramas: get {}
[2022-03-08T19:49:21.675] [INFO] info - pramas: post {}
[2022-03-08T19:49:25.025] [INFO] info - pramas: get {"menuState":"1"}
[2022-03-08T19:49:25.026] [INFO] info - pramas: post {}
[2022-03-08T19:49:26.198] [INFO] info - pramas: get {"menuState":"1"}
[2022-03-08T19:49:26.199] [INFO] info - pramas: post {}
[2022-03-08T19:49:29.829] [INFO] info - pramas: get {"menuState":"1"}
[2022-03-08T19:49:29.830] [INFO] info - pramas: post {}
[2022-03-08T19:49:30.362] [INFO] info - pramas: get {"menuState":"1"}
[2022-03-08T19:49:30.363] [INFO] info - pramas: post {}
[2022-03-08T19:49:30.610] [INFO] info - pramas: get {"menuState":"1"}
[2022-03-08T19:49:30.610] [INFO] info - pramas: post {}
[2022-03-08T19:50:24.469] [INFO] info - ****数据库连接成功 *****
[2022-03-08T19:50:25.951] [INFO] info - pramas: get {}
[2022-03-08T19:50:25.952] [INFO] info - pramas: post {}
[2022-03-08T19:50:27.709] [INFO] info - pramas: get {"menuState":"1"}
[2022-03-08T19:50:27.711] [INFO] info - pramas: post {}
[2022-03-08T19:50:27.756] [INFO] info - pramas: get {}
[2022-03-08T19:50:27.803] [INFO] info - pramas: post {}
[2022-03-08T19:50:29.169] [INFO] info - pramas: get {"menuState":"1"}
[2022-03-08T19:50:29.170] [INFO] info - pramas: post {}
[2022-03-08T19:51:07.965] [INFO] info - ****数据库连接成功 *****
[2022-03-08T19:51:14.440] [INFO] info - pramas: get {"menuState":"1"}
[2022-03-08T19:51:14.441] [INFO] info - pramas: post {}
[2022-03-08T19:51:15.468] [INFO] info - pramas: get {"menuState":"1"}
[2022-03-08T19:51:15.469] [INFO] info - pramas: post {}
[2022-03-08T19:51:38.486] [INFO] info - pramas: get {"menuState":"1"}
[2022-03-08T19:51:38.487] [INFO] info - pramas: post {}
[2022-03-08T19:51:45.219] [INFO] info - pramas: get {"menuState":"1","menustate":"1"}
[2022-03-08T19:51:45.220] [INFO] info - pramas: post {}
[2022-03-08T19:52:25.831] [INFO] info - ****数据库连接成功 *****
[2022-03-08T19:52:41.246] [INFO] info - ****数据库连接成功 *****
[2022-03-08T19:52:44.120] [INFO] info - pramas: get {"menuState":"1","menustate":"1"}
[2022-03-08T19:52:44.122] [INFO] info - pramas: post {}
[2022-03-08T19:52:46.148] [INFO] info - pramas: get {"menuState":"1","menustate":"1"}
[2022-03-08T19:52:46.149] [INFO] info - pramas: post {}
[2022-03-08T19:52:56.425] [INFO] info - pramas: get {"menuState":"1","menustate":"1","menuName":"asdsadsa"}
[2022-03-08T19:52:56.426] [INFO] info - pramas: post {}
[2022-03-08T19:53:01.974] [INFO] info - pramas: get {"menuState":"1","menustate":"1","menuName":""}
[2022-03-08T19:53:01.976] [INFO] info - pramas: post {}
[2022-03-08T19:53:08.447] [INFO] info - pramas: get {"menuState":"1","menustate":"1","menuName":""}
[2022-03-08T19:53:08.447] [INFO] info - pramas: post {}
[2022-03-08T19:53:15.937] [INFO] info - pramas: get {"menuState":"1","menustate":"1","menuName":"123"}
[2022-03-08T19:53:15.938] [INFO] info - pramas: post {}
[2022-03-08T19:53:21.280] [INFO] info - pramas: get {"menuState":"1","menustate":"1","menuName":"12"}
[2022-03-08T19:53:21.281] [INFO] info - pramas: post {}
[2022-03-08T19:53:27.692] [INFO] info - pramas: get {"menuState":"1","menustate":"1","menuName":"12"}
[2022-03-08T19:53:27.693] [INFO] info - pramas: post {}
[2022-03-08T19:53:36.803] [INFO] info - pramas: get {"menuState":"1","menustate":"1","menuName":"1"}
[2022-03-08T19:53:36.806] [INFO] info - pramas: post {}
[2022-03-08T19:53:42.903] [INFO] info - pramas: get {"menuState":"1","menustate":"1","menuName":"1414"}
[2022-03-08T19:53:42.905] [INFO] info - pramas: post {}
[2022-03-08T19:53:48.271] [INFO] info - pramas: get {"menuState":"1","menustate":"1","menuName":"12"}
[2022-03-08T19:53:48.272] [INFO] info - pramas: post {}
[2022-03-08T19:55:02.429] [INFO] info - pramas: get {"menuState":"1"}
[2022-03-08T19:55:02.430] [INFO] info - pramas: post {}
[2022-03-08T19:56:11.722] [INFO] info - pramas: get {}
[2022-03-08T19:56:11.723] [INFO] info - pramas: post {}
[2022-03-08T19:56:13.927] [INFO] info - pramas: get {"menuState":"1"}
[2022-03-08T19:56:13.928] [INFO] info - pramas: post {}
[2022-03-08T19:56:13.934] [INFO] info - pramas: get {}
[2022-03-08T19:56:13.935] [INFO] info - pramas: post {}
[2022-03-08T19:56:16.988] [INFO] info - pramas: get {"menuState":"1"}
[2022-03-08T19:56:16.989] [INFO] info - pramas: post {}
[2022-03-08T19:57:10.985] [INFO] info - pramas: get {"menuState":"1"}
[2022-03-08T19:57:10.986] [INFO] info - pramas: post {}
[2022-03-08T19:57:37.297] [INFO] info - pramas: get {}
[2022-03-08T19:57:37.298] [INFO] info - pramas: post {}
[2022-03-08T19:57:38.478] [INFO] info - pramas: get {"menuState":"1"}
[2022-03-08T19:57:38.479] [INFO] info - pramas: post {}
[2022-03-08T19:57:38.492] [INFO] info - pramas: get {}
[2022-03-08T19:57:38.493] [INFO] info - pramas: post {}
[2022-03-08T20:00:24.100] [INFO] info - pramas: get {}
[2022-03-08T20:00:24.103] [INFO] info - pramas: post {}
[2022-03-08T20:00:25.811] [INFO] info - pramas: get {"menuState":"1"}
[2022-03-08T20:00:25.813] [INFO] info - pramas: post {}
[2022-03-08T20:00:25.842] [INFO] info - pramas: get {}
[2022-03-08T20:00:25.843] [INFO] info - pramas: post {}
[2022-03-08T20:00:36.584] [INFO] info - pramas: get {}
[2022-03-08T20:00:36.586] [INFO] info - pramas: post {}
[2022-03-08T20:00:37.912] [INFO] info - pramas: get {"menuState":"1"}
[2022-03-08T20:00:37.915] [INFO] info - pramas: post {}
[2022-03-08T20:00:37.920] [INFO] info - pramas: get {}
[2022-03-08T20:00:37.921] [INFO] info - pramas: post {}
[2022-03-08T20:00:56.010] [INFO] info - pramas: get {}
[2022-03-08T20:00:56.012] [INFO] info - pramas: post {}
[2022-03-08T20:00:57.426] [INFO] info - pramas: get {"menuState":"1"}
[2022-03-08T20:00:57.427] [INFO] info - pramas: post {}
[2022-03-08T20:00:57.441] [INFO] info - pramas: get {}
[2022-03-08T20:00:57.442] [INFO] info - pramas: post {}
[2022-03-08T20:02:45.188] [INFO] info - pramas: get {}
[2022-03-08T20:02:45.189] [INFO] info - pramas: post {}
[2022-03-08T20:02:46.714] [INFO] info - pramas: get {"menuState":"1"}
[2022-03-08T20:02:46.715] [INFO] info - pramas: post {}
[2022-03-08T20:02:46.732] [INFO] info - pramas: get {}
[2022-03-08T20:02:46.734] [INFO] info - pramas: post {}
[2022-03-08T20:03:02.665] [INFO] info - pramas: get {}
[2022-03-08T20:03:02.666] [INFO] info - pramas: post {}
[2022-03-08T20:03:03.859] [INFO] info - pramas: get {"menuState":"1"}
[2022-03-08T20:03:03.859] [INFO] info - pramas: post {}
[2022-03-08T20:03:03.863] [INFO] info - pramas: get {}
[2022-03-08T20:03:03.864] [INFO] info - pramas: post {}
