[2022-02-25T14:31:29.470] [INFO] info - ****数据库连接成功 *****
[2022-02-25T14:32:20.355] [INFO] info - ****数据库连接成功 *****
[2022-02-25T14:35:38.413] [INFO] info - ****数据库连接成功 *****
[2022-02-25T14:58:29.433] [INFO] info - ****数据库连接成功 *****
[2022-02-25T14:58:33.018] [INFO] info - ****数据库连接成功 *****
[2022-02-25T14:59:38.832] [INFO] info - ****数据库连接成功 *****
[2022-02-25T14:59:46.192] [INFO] info - ****数据库连接成功 *****
[2022-02-25T15:00:20.711] [INFO] info - ****数据库连接成功 *****
[2022-02-25T15:00:45.553] [INFO] info - ****数据库连接成功 *****
[2022-02-25T15:01:01.793] [INFO] info - ****数据库连接成功 *****
[2022-02-25T15:01:26.879] [INFO] info - ****数据库连接成功 *****
[2022-02-25T15:01:51.727] [INFO] info - ****数据库连接成功 *****
[2022-02-25T15:02:02.010] [INFO] info - ****数据库连接成功 *****
[2022-02-25T15:33:36.496] [INFO] info - ****数据库连接成功 *****
[2022-02-25T15:36:26.169] [INFO] info - ****数据库连接成功 *****
[2022-02-25T15:36:46.316] [INFO] info - ****数据库连接成功 *****
[2022-02-25T15:37:09.954] [INFO] info - ****数据库连接成功 *****
[2022-02-25T15:37:58.656] [INFO] info - ****数据库连接成功 *****
[2022-02-25T15:39:03.860] [INFO] info - ****数据库连接成功 *****
[2022-02-25T15:39:23.937] [INFO] info - ****数据库连接成功 *****
[2022-02-25T15:39:31.343] [INFO] info - ****数据库连接成功 *****
[2022-02-25T15:39:33.354] [INFO] info - ****数据库连接成功 *****
[2022-02-25T15:40:15.697] [INFO] info - ****数据库连接成功 *****
[2022-02-25T15:43:25.630] [INFO] info - ****数据库连接成功 *****
[2022-02-25T15:43:32.064] [INFO] info - ****数据库连接成功 *****
[2022-02-25T15:44:14.738] [INFO] info - ****数据库连接成功 *****
[2022-02-25T15:45:06.531] [INFO] info - ****数据库连接成功 *****
[2022-02-25T15:45:54.843] [INFO] info - ****数据库连接成功 *****
[2022-02-25T15:47:39.696] [INFO] info - ****数据库连接成功 *****
[2022-02-25T15:51:14.108] [INFO] info - ****数据库连接成功 *****
[2022-02-25T15:52:26.236] [INFO] info - ****数据库连接成功 *****
[2022-02-25T15:53:24.953] [INFO] info - ****数据库连接成功 *****
[2022-02-25T15:56:51.610] [INFO] info - ****数据库连接成功 *****
[2022-02-25T15:57:27.948] [INFO] info - ****数据库连接成功 *****
[2022-02-25T15:57:43.691] [INFO] info - ****数据库连接成功 *****
[2022-02-25T15:59:18.955] [INFO] info - ****数据库连接成功 *****
[2022-02-25T16:01:16.964] [INFO] info - ****数据库连接成功 *****
[2022-02-25T16:01:18.648] [INFO] info - ****数据库连接成功 *****
[2022-02-25T16:01:42.181] [INFO] info - ****数据库连接成功 *****
[2022-02-25T16:01:56.567] [INFO] info - ****数据库连接成功 *****
[2022-02-25T16:02:13.895] [INFO] info - ****数据库连接成功 *****
[2022-02-25T16:02:58.058] [INFO] info - ****数据库连接成功 *****
[2022-02-25T16:03:48.422] [INFO] info - ****数据库连接成功 *****
[2022-02-25T16:03:59.849] [INFO] info - ****数据库连接成功 *****
[2022-02-25T16:04:49.573] [INFO] info - ****数据库连接成功 *****
[2022-02-25T16:04:55.740] [INFO] info - ****数据库连接成功 *****
[2022-02-25T16:06:27.394] [INFO] info - ****数据库连接成功 *****
[2022-02-25T16:13:29.513] [INFO] info - ****数据库连接成功 *****
[2022-02-25T16:15:12.305] [INFO] info - ****数据库连接成功 *****
[2022-02-25T16:15:39.143] [INFO] info - ****数据库连接成功 *****
[2022-02-25T16:15:54.869] [INFO] info - ****数据库连接成功 *****
[2022-02-25T16:16:04.090] [INFO] info - ****数据库连接成功 *****
[2022-02-25T16:21:15.167] [INFO] info - ****数据库连接成功 *****
[2022-02-25T16:21:38.980] [INFO] info - ****数据库连接成功 *****
[2022-02-25T16:22:07.473] [INFO] info - ****数据库连接成功 *****
[2022-02-25T16:22:20.706] [INFO] info - ****数据库连接成功 *****
[2022-02-25T16:22:46.164] [INFO] info - ****数据库连接成功 *****
[2022-02-25T16:23:52.840] [INFO] info - ****数据库连接成功 *****
[2022-02-25T16:25:04.338] [INFO] info - ****数据库连接成功 *****
[2022-02-25T16:25:38.410] [INFO] info - ****数据库连接成功 *****
[2022-02-25T16:26:47.937] [INFO] info - ****数据库连接成功 *****
[2022-02-25T16:34:39.920] [INFO] info - ****数据库连接成功 *****
[2022-02-25T16:34:50.579] [INFO] info - pramas: get {}
[2022-02-25T16:34:50.580] [INFO] info - pramas: post {"userName":"admin","userPwd":"admin"}
[2022-02-25T16:34:55.335] [INFO] info - pramas: get {}
[2022-02-25T16:34:55.336] [INFO] info - pramas: post {"userName":"admin","userPwd":"admin"}
[2022-02-25T16:35:01.423] [INFO] info - pramas: get {}
[2022-02-25T16:35:01.424] [INFO] info - pramas: post {"userName":"admin","userPwd":"admin"}
[2022-02-25T16:36:48.436] [INFO] info - pramas: get {}
[2022-02-25T16:36:48.437] [INFO] info - pramas: post {"userName":"sadasd","userPwd":"asdasd"}
[2022-02-25T16:38:28.765] [INFO] info - pramas: get {}
[2022-02-25T16:38:28.766] [INFO] info - pramas: post {"userName":"a","userPwd":"a"}
[2022-02-25T16:38:47.928] [INFO] info - pramas: get {}
[2022-02-25T16:38:47.929] [INFO] info - pramas: post {"userName":"a","userPwd":"a"}
[2022-02-25T16:39:32.829] [INFO] info - pramas: get {}
[2022-02-25T16:39:32.830] [INFO] info - pramas: post {"userName":"a","userPwd":"a"}
[2022-02-25T16:39:52.654] [INFO] info - pramas: get {}
[2022-02-25T16:39:52.656] [INFO] info - pramas: post {"userName":"a","userPwd":"a"}
[2022-02-25T16:40:27.638] [INFO] info - pramas: get {}
[2022-02-25T16:40:27.640] [INFO] info - pramas: post {"userName":"a","userPwd":"a"}
[2022-02-25T16:40:31.678] [INFO] info - pramas: get {}
[2022-02-25T16:40:31.679] [INFO] info - pramas: post {"userName":"a","userPwd":"a"}
[2022-02-25T16:40:49.340] [INFO] info - pramas: get {}
[2022-02-25T16:40:49.341] [INFO] info - pramas: post {"userName":"a","userPwd":"a"}
[2022-02-25T16:51:08.242] [INFO] info - pramas: get {}
[2022-02-25T16:51:08.242] [INFO] info - pramas: post {"userName":"admin","userPwd":"admin"}
[2022-02-25T16:52:03.712] [INFO] info - pramas: get {"state":"0","pageNum":"1","pageSize":"10"}
[2022-02-25T16:52:03.713] [INFO] info - pramas: post {}
[2022-02-25T16:52:18.449] [INFO] info - pramas: get {"state":"1","pageNum":"1","pageSize":"10"}
[2022-02-25T16:52:18.450] [INFO] info - pramas: post {}
[2022-02-25T16:52:18.724] [INFO] info - pramas: get {"state":"1","pageNum":"1","pageSize":"10"}
[2022-02-25T16:52:18.725] [INFO] info - pramas: post {}
[2022-02-25T16:52:25.584] [INFO] info - pramas: get {"state":"0","pageNum":"1","pageSize":"10"}
[2022-02-25T16:52:25.585] [INFO] info - pramas: post {}
[2022-02-25T16:58:58.242] [INFO] info - ****数据库连接成功 *****
[2022-02-25T16:59:03.870] [INFO] info - ****数据库连接成功 *****
[2022-02-25T16:59:39.500] [INFO] info - ****数据库连接成功 *****
